<?xml version="1.0" encoding="UTF-8"?>
<!-- Generated by org.testng.reporters.JUnitReportReporter -->
<testsuite hostname="DESKTOP-34GJ173" failures="0" tests="3" name="Orange.Orange_login" time="6.998" errors="0" timestamp="2023-11-02T11:35:49 IST" skipped="0">
  <testcase classname="Orange.Orange_login" name="openapp" time="6.258"/>
  <system-out/>
  <testcase classname="Orange.Orange_login" name="login" time="0.627"/>
  <system-out/>
  <testcase classname="Orange.Orange_login" name="close" time="0.113"/>
  <system-out/>
</testsuite> <!-- Orange.Orange_login -->
